<?xml version="1.0" encoding="UTF-8"?>
<testng-results ignored="0" total="7" passed="7" failed="0" skipped="0">
  <reporter-output>
  </reporter-output>
  <suite started-at="2025-03-25T15:44:51 IST" name="Suite" finished-at="2025-03-25T15:47:58 IST" duration-ms="187416">
    <groups>
      <group name="cucumber">
        <method signature="AbstractTestNGCucumberTests.runScenario(io.cucumber.testng.PickleWrapper,io.cucumber.testng.FeatureWrapper)[pri:0, instance:com.TastyNibbles.TestRunner.AddingMultipleProductsNG@6dee4f1b]" name="runScenario" class="io.cucumber.testng.AbstractTestNGCucumberTests"/>
        <method signature="AbstractTestNGCucumberTests.runScenario(io.cucumber.testng.PickleWrapper,io.cucumber.testng.FeatureWrapper)[pri:0, instance:com.TastyNibbles.TestRunner.LogoutNG@18a136ac]" name="runScenario" class="io.cucumber.testng.AbstractTestNGCucumberTests"/>
        <method signature="AbstractTestNGCucumberTests.runScenario(io.cucumber.testng.PickleWrapper,io.cucumber.testng.FeatureWrapper)[pri:0, instance:com.TastyNibbles.TestRunner.MyAccountNG@77d67cf3]" name="runScenario" class="io.cucumber.testng.AbstractTestNGCucumberTests"/>
        <method signature="AbstractTestNGCucumberTests.runScenario(io.cucumber.testng.PickleWrapper,io.cucumber.testng.FeatureWrapper)[pri:0, instance:com.TastyNibbles.TestRunner.SearchAddToCart@1a6c1270]" name="runScenario" class="io.cucumber.testng.AbstractTestNGCucumberTests"/>
        <method signature="AbstractTestNGCucumberTests.runScenario(io.cucumber.testng.PickleWrapper,io.cucumber.testng.FeatureWrapper)[pri:0, instance:com.TastyNibbles.TestRunner.UserRegistration@53dbe163]" name="runScenario" class="io.cucumber.testng.AbstractTestNGCucumberTests"/>
      </group> <!-- cucumber -->
    </groups>
    <test started-at="2025-03-25T15:44:51 IST" name="Test" finished-at="2025-03-25T15:47:58 IST" duration-ms="187416">
      <class name="com.TastyNibbles.TestRunner.SearchAddToCart">
        <test-method is-config="true" signature="setUpClass(org.testng.ITestContext)[pri:0, instance:com.TastyNibbles.TestRunner.SearchAddToCart@1a6c1270]" started-at="2025-03-25T15:46:03 IST" name="setUpClass" finished-at="2025-03-25T15:46:03 IST" duration-ms="22" status="PASS">
          <params>
            <param index="0">
              <value>
                <![CDATA[org.testng.TestRunner@647b3fd3]]>
              </value>
            </param>
          </params>
          <reporter-output>
          </reporter-output>
        </test-method> <!-- setUpClass -->
        <test-method signature="runScenario(io.cucumber.testng.PickleWrapper,io.cucumber.testng.FeatureWrapper)[pri:0, instance:com.TastyNibbles.TestRunner.SearchAddToCart@1a6c1270]" started-at="2025-03-25T15:46:03 IST" name="runScenario" description="Runs Cucumber Scenarios" data-provider="scenarios" finished-at="2025-03-25T15:46:21 IST" duration-ms="17056" status="PASS">
          <params>
            <param index="0">
              <value>
                <![CDATA["User Login, Product Search, and Adding to Cart"]]>
              </value>
            </param>
            <param index="1">
              <value>
                <![CDATA["Adding product to the cart"]]>
              </value>
            </param>
          </params>
          <reporter-output>
          </reporter-output>
        </test-method> <!-- runScenario -->
        <test-method is-config="true" signature="tearDownClass()[pri:0, instance:com.TastyNibbles.TestRunner.SearchAddToCart@1a6c1270]" started-at="2025-03-25T15:46:21 IST" name="tearDownClass" finished-at="2025-03-25T15:46:21 IST" duration-ms="12" status="PASS">
          <reporter-output>
          </reporter-output>
        </test-method> <!-- tearDownClass -->
      </class> <!-- com.TastyNibbles.TestRunner.SearchAddToCart -->
      <class name="com.TastyNibbles.TestRunner.LogoutNG">
        <test-method is-config="true" signature="setUpClass(org.testng.ITestContext)[pri:0, instance:com.TastyNibbles.TestRunner.LogoutNG@18a136ac]" started-at="2025-03-25T15:46:21 IST" name="setUpClass" finished-at="2025-03-25T15:46:21 IST" duration-ms="34" status="PASS">
          <params>
            <param index="0">
              <value>
                <![CDATA[org.testng.TestRunner@647b3fd3]]>
              </value>
            </param>
          </params>
          <reporter-output>
          </reporter-output>
        </test-method> <!-- setUpClass -->
        <test-method signature="runScenario(io.cucumber.testng.PickleWrapper,io.cucumber.testng.FeatureWrapper)[pri:0, instance:com.TastyNibbles.TestRunner.LogoutNG@18a136ac]" started-at="2025-03-25T15:46:21 IST" name="runScenario" description="Runs Cucumber Scenarios" data-provider="scenarios" finished-at="2025-03-25T15:46:34 IST" duration-ms="13528" status="PASS">
          <params>
            <param index="0">
              <value>
                <![CDATA["Successful Logout and Session Verification"]]>
              </value>
            </param>
            <param index="1">
              <value>
                <![CDATA["User LogOut"]]>
              </value>
            </param>
          </params>
          <reporter-output>
          </reporter-output>
        </test-method> <!-- runScenario -->
        <test-method is-config="true" signature="tearDownClass()[pri:0, instance:com.TastyNibbles.TestRunner.LogoutNG@18a136ac]" started-at="2025-03-25T15:46:34 IST" name="tearDownClass" finished-at="2025-03-25T15:46:34 IST" duration-ms="18" status="PASS">
          <reporter-output>
          </reporter-output>
        </test-method> <!-- tearDownClass -->
      </class> <!-- com.TastyNibbles.TestRunner.LogoutNG -->
      <class name="com.TastyNibbles.TestRunner.AddingMultipleProductsNG">
        <test-method is-config="true" signature="setUpClass(org.testng.ITestContext)[pri:0, instance:com.TastyNibbles.TestRunner.AddingMultipleProductsNG@6dee4f1b]" started-at="2025-03-25T15:46:52 IST" name="setUpClass" finished-at="2025-03-25T15:46:52 IST" duration-ms="28" status="PASS">
          <params>
            <param index="0">
              <value>
                <![CDATA[org.testng.TestRunner@647b3fd3]]>
              </value>
            </param>
          </params>
          <reporter-output>
          </reporter-output>
        </test-method> <!-- setUpClass -->
        <test-method signature="runScenario(io.cucumber.testng.PickleWrapper,io.cucumber.testng.FeatureWrapper)[pri:0, instance:com.TastyNibbles.TestRunner.AddingMultipleProductsNG@6dee4f1b]" started-at="2025-03-25T15:46:52 IST" name="runScenario" description="Runs Cucumber Scenarios" data-provider="scenarios" finished-at="2025-03-25T15:47:58 IST" duration-ms="65848" status="PASS">
          <params>
            <param index="0">
              <value>
                <![CDATA["Adding Multiple Products to Cart & Validating Cart Summary"]]>
              </value>
            </param>
            <param index="1">
              <value>
                <![CDATA["Actions"]]>
              </value>
            </param>
          </params>
          <reporter-output>
          </reporter-output>
        </test-method> <!-- runScenario -->
        <test-method is-config="true" signature="tearDownClass()[pri:0, instance:com.TastyNibbles.TestRunner.AddingMultipleProductsNG@6dee4f1b]" started-at="2025-03-25T15:47:58 IST" name="tearDownClass" finished-at="2025-03-25T15:47:58 IST" duration-ms="17" status="PASS">
          <reporter-output>
          </reporter-output>
        </test-method> <!-- tearDownClass -->
      </class> <!-- com.TastyNibbles.TestRunner.AddingMultipleProductsNG -->
      <class name="com.TastyNibbles.TestRunner.MyAccountNG">
        <test-method is-config="true" signature="setUpClass(org.testng.ITestContext)[pri:0, instance:com.TastyNibbles.TestRunner.MyAccountNG@77d67cf3]" started-at="2025-03-25T15:46:34 IST" name="setUpClass" finished-at="2025-03-25T15:46:34 IST" duration-ms="37" status="PASS">
          <params>
            <param index="0">
              <value>
                <![CDATA[org.testng.TestRunner@647b3fd3]]>
              </value>
            </param>
          </params>
          <reporter-output>
          </reporter-output>
        </test-method> <!-- setUpClass -->
        <test-method signature="runScenario(io.cucumber.testng.PickleWrapper,io.cucumber.testng.FeatureWrapper)[pri:0, instance:com.TastyNibbles.TestRunner.MyAccountNG@77d67cf3]" started-at="2025-03-25T15:46:34 IST" name="runScenario" description="Runs Cucumber Scenarios" data-provider="scenarios" finished-at="2025-03-25T15:46:43 IST" duration-ms="8336" status="PASS">
          <params>
            <param index="0">
              <value>
                <![CDATA["User Login with Invalid Credentials"]]>
              </value>
            </param>
            <param index="1">
              <value>
                <![CDATA["Login with Valid & Invalid Credentials To verify My Account"]]>
              </value>
            </param>
          </params>
          <reporter-output>
          </reporter-output>
        </test-method> <!-- runScenario -->
        <test-method signature="runScenario(io.cucumber.testng.PickleWrapper,io.cucumber.testng.FeatureWrapper)[pri:0, instance:com.TastyNibbles.TestRunner.MyAccountNG@77d67cf3]" started-at="2025-03-25T15:46:43 IST" name="runScenario" description="Runs Cucumber Scenarios" data-provider="scenarios" finished-at="2025-03-25T15:46:52 IST" duration-ms="9563" status="PASS">
          <params>
            <param index="0">
              <value>
                <![CDATA["User Login with valid Credentials"]]>
              </value>
            </param>
            <param index="1">
              <value>
                <![CDATA["Login with Valid & Invalid Credentials To verify My Account"]]>
              </value>
            </param>
          </params>
          <reporter-output>
          </reporter-output>
        </test-method> <!-- runScenario -->
        <test-method is-config="true" signature="tearDownClass()[pri:0, instance:com.TastyNibbles.TestRunner.MyAccountNG@77d67cf3]" started-at="2025-03-25T15:46:52 IST" name="tearDownClass" finished-at="2025-03-25T15:46:52 IST" duration-ms="10" status="PASS">
          <reporter-output>
          </reporter-output>
        </test-method> <!-- tearDownClass -->
      </class> <!-- com.TastyNibbles.TestRunner.MyAccountNG -->
      <class name="com.TastyNibbles.TestRunner.UserRegistration">
        <test-method is-config="true" signature="setUpClass(org.testng.ITestContext)[pri:0, instance:com.TastyNibbles.TestRunner.UserRegistration@53dbe163]" started-at="2025-03-25T15:44:51 IST" name="setUpClass" finished-at="2025-03-25T15:44:52 IST" duration-ms="1176" status="PASS">
          <params>
            <param index="0">
              <value>
                <![CDATA[org.testng.TestRunner@647b3fd3]]>
              </value>
            </param>
          </params>
          <reporter-output>
          </reporter-output>
        </test-method> <!-- setUpClass -->
        <test-method signature="runScenario(io.cucumber.testng.PickleWrapper,io.cucumber.testng.FeatureWrapper)[pri:0, instance:com.TastyNibbles.TestRunner.UserRegistration@53dbe163]" started-at="2025-03-25T15:44:52 IST" name="runScenario" description="Runs Cucumber Scenarios" data-provider="scenarios" finished-at="2025-03-25T15:45:06 IST" duration-ms="14064" status="PASS">
          <params>
            <param index="0">
              <value>
                <![CDATA["User Registration with Invalid Data"]]>
              </value>
            </param>
            <param index="1">
              <value>
                <![CDATA["User Registration"]]>
              </value>
            </param>
          </params>
          <reporter-output>
          </reporter-output>
        </test-method> <!-- runScenario -->
        <test-method signature="runScenario(io.cucumber.testng.PickleWrapper,io.cucumber.testng.FeatureWrapper)[pri:0, instance:com.TastyNibbles.TestRunner.UserRegistration@53dbe163]" started-at="2025-03-25T15:45:06 IST" name="runScenario" description="Runs Cucumber Scenarios" data-provider="scenarios" finished-at="2025-03-25T15:46:03 IST" duration-ms="57407" status="PASS">
          <params>
            <param index="0">
              <value>
                <![CDATA["User Registration with Valid Data"]]>
              </value>
            </param>
            <param index="1">
              <value>
                <![CDATA["User Registration"]]>
              </value>
            </param>
          </params>
          <reporter-output>
          </reporter-output>
        </test-method> <!-- runScenario -->
        <test-method is-config="true" signature="tearDownClass()[pri:0, instance:com.TastyNibbles.TestRunner.UserRegistration@53dbe163]" started-at="2025-03-25T15:46:03 IST" name="tearDownClass" finished-at="2025-03-25T15:46:03 IST" duration-ms="23" status="PASS">
          <reporter-output>
          </reporter-output>
        </test-method> <!-- tearDownClass -->
      </class> <!-- com.TastyNibbles.TestRunner.UserRegistration -->
    </test> <!-- Test -->
  </suite> <!-- Suite -->
</testng-results>
