<?xml version="1.0" encoding="UTF-8" ?>
<testsuite tests="7" failures="0" name="TestSuite" time="155.33" errors="0" skipped="0">
  <properties>
[...]
</properties>
  <testcase classname="com.TastyNibbles.TestRunner.UserRegistration" name="runScenario" time="15.037"/>
  <testcase classname="com.TastyNibbles.TestRunner.UserRegistration" name="runScenario" time="11.065"/>
  <testcase classname="com.TastyNibbles.TestRunner.SearchAddToCart" name="runScenario" time="20.474"/>
  <testcase classname="com.TastyNibbles.TestRunner.LogoutNG" name="runScenario" time="18.503"/>
  <testcase classname="com.TastyNibbles.TestRunner.MyAccountNG" name="runScenario" time="10.227"/>
  <testcase classname="com.TastyNibbles.TestRunner.MyAccountNG" name="runScenario" time="11.171"/>
  <testcase classname="com.TastyNibbles.TestRunner.AddingMultipleProductsNG" name="runScenario" time="65.632"/>
</testsuite>